\BOOKMARK [-1][-]{part.1}{I Grundlagen}{}% 1
\BOOKMARK [0][-]{chapter*.3}{Einleitung}{part.1}% 2
\BOOKMARK [0][-]{chapter.1}{Berechnung }{part.1}% 3
\BOOKMARK [1][-]{section.1.1}{Zahlensysteme }{chapter.1}% 4
\BOOKMARK [2][-]{subsection.1.1.1}{Zahlendarstellung bez\374glich verschiedener Basen }{section.1.1}% 5
\BOOKMARK [2][-]{subsection.1.1.2}{Festkommazahlen }{section.1.1}% 6
\BOOKMARK [2][-]{subsection.1.1.3}{Gleitkommazahlen }{section.1.1}% 7
\BOOKMARK [2][-]{subsection.1.1.4}{Hochpr\344zisionsbibliotheken }{section.1.1}% 8
\BOOKMARK [1][-]{section.1.2}{Numerische Effekte }{chapter.1}% 9
\BOOKMARK [2][-]{subsection.1.2.1}{Ausl\366schnung}{section.1.2}% 10
\BOOKMARK [2][-]{subsection.1.2.2}{Verschmierung }{section.1.2}% 11
\BOOKMARK [1][-]{section.1.3}{Iteration }{chapter.1}% 12
\BOOKMARK [2][-]{subsection.1.3.1}{Beispiele}{section.1.3}% 13
\BOOKMARK [2][-]{subsection.1.3.2}{Graphische Analyse }{section.1.3}% 14
\BOOKMARK [2][-]{subsection.1.3.3}{Konvergenzbedingung }{section.1.3}% 15
\BOOKMARK [2][-]{subsection.1.3.4}{Die logistische Gleichung }{section.1.3}% 16
\BOOKMARK [2][-]{subsection.1.3.5}{Dritte Ableitung im Fixpunkt }{section.1.3}% 17
\BOOKMARK [1][-]{section.1.4}{Konvergenzgeschwindigkeit }{chapter.1}% 18
\BOOKMARK [2][-]{subsection.1.4.1}{Lineare und quadratische Konvergenz }{section.1.4}% 19
\BOOKMARK [2][-]{subsection.1.4.2}{Konvergenzbeschleunigung }{section.1.4}% 20
\BOOKMARK [1][-]{section.1.5}{Numerische Instabilit\344t }{chapter.1}% 21
\BOOKMARK [2][-]{subsection.1.5.1}{Eine instabile Quadratwurzel }{section.1.5}% 22
\BOOKMARK [2][-]{subsection.1.5.2}{Numerische Instabilit\344t }{section.1.5}% 23
\BOOKMARK [1][-]{section.1.6}{Kondition }{chapter.1}% 24
\BOOKMARK [0][-]{chapter.2}{Gleichungen l\366sen}{part.1}% 25
\BOOKMARK [1][-]{section.2.1}{Nullstellen von Funktionen }{chapter.2}% 26
\BOOKMARK [2][-]{subsection.2.1.1}{Intervallhalbierung }{section.2.1}% 27
\BOOKMARK [2][-]{subsection.2.1.2}{Sekanten-Verfahren }{section.2.1}% 28
\BOOKMARK [1][-]{section.2.2}{Newton-Verfahren }{chapter.2}% 29
\BOOKMARK [2][-]{subsection.2.2.1}{Analytischer Ansatz f\374r ein quadratisch konvergentes Verfahren }{section.2.2}% 30
\BOOKMARK [2][-]{subsection.2.2.2}{Geometrische Interpretation des Newton-Verfahrens}{section.2.2}% 31
\BOOKMARK [2][-]{subsection.2.2.3}{Wurzeln}{section.2.2}% 32
\BOOKMARK [2][-]{subsection.2.2.4}{Newton-Verfahren in Rn}{section.2.2}% 33
\BOOKMARK [2][-]{subsection.2.2.5}{Der Fall f'\(x*\)=0 }{section.2.2}% 34
\BOOKMARK [2][-]{subsection.2.2.6}{Vergleich mit dem Sekanten-Verfahren }{section.2.2}% 35
\BOOKMARK [2][-]{subsection.2.2.7}{Nullstellen von Polynomen }{section.2.2}% 36
\BOOKMARK [2][-]{subsection.2.2.8}{Inverse der Normalverteilungsfunktion }{section.2.2}% 37
\BOOKMARK [1][-]{section.2.3}{Homotopie-Verfahren }{chapter.2}% 38
\BOOKMARK [0][-]{chapter.3}{Interpolation}{part.1}% 39
\BOOKMARK [1][-]{section.3.1}{Lineare Interpolation und Polygonz\374ge }{chapter.3}% 40
\BOOKMARK [2][-]{subsection.3.1.1}{Lineare Interpolation }{section.3.1}% 41
\BOOKMARK [2][-]{subsection.3.1.2}{Polygonz\374ge }{section.3.1}% 42
\BOOKMARK [1][-]{section.3.2}{Interpolationspolynom }{chapter.3}% 43
\BOOKMARK [2][-]{subsection.3.2.1}{Bestimmung des Interpolationspolynoms }{section.3.2}% 44
\BOOKMARK [2][-]{subsection.3.2.2}{Fehler von Approximationspolynomen }{section.3.2}% 45
\BOOKMARK [2][-]{subsection.3.2.3}{Wahl der St\374tzstellen und Tschebyscheff-Interpolationspolynom }{section.3.2}% 46
\BOOKMARK [1][-]{section.3.3}{Hermite-Interpolation }{chapter.3}% 47
\BOOKMARK [2][-]{subsection.3.3.1}{Aufgabenstellung }{section.3.3}% 48
\BOOKMARK [2][-]{subsection.3.3.2}{Bestimmung des Hermite-Interpolationspolynom }{section.3.3}% 49
\BOOKMARK [2][-]{subsection.3.3.3}{Zwei St\374tzstellen }{section.3.3}% 50
\BOOKMARK [1][-]{section.3.4}{Baryzentrische Formeln f\374r Interpolationspolynome }{chapter.3}% 51
\BOOKMARK [1][-]{section.3.5}{Spline-Interpolation }{chapter.3}% 52
\BOOKMARK [2][-]{subsection.3.5.1}{Anforderungen and die interpolierende Funktion }{section.3.5}% 53
\BOOKMARK [2][-]{subsection.3.5.2}{Das Optimierungsproblem }{section.3.5}% 54
\BOOKMARK [2][-]{subsection.3.5.3}{L\366sung des Optimierungsproblems }{section.3.5}% 55
\BOOKMARK [2][-]{subsection.3.5.4}{B\351zier-Kurven und Splines in der Ebene }{section.3.5}% 56
\BOOKMARK [0][-]{chapter.4}{Integration}{part.1}% 57
\BOOKMARK [1][-]{section.4.1}{Riemann-Integral und Trapezregel }{chapter.4}% 58
\BOOKMARK [2][-]{subsection.4.1.1}{Das Riemann-Integral }{section.4.1}% 59
\BOOKMARK [2][-]{subsection.4.1.2}{Mittelpunktsregel }{section.4.1}% 60
\BOOKMARK [2][-]{subsection.4.1.3}{Trapezregel }{section.4.1}% 61
\BOOKMARK [2][-]{subsection.4.1.4}{Fehler von Trapez- und Mittelpunktsregel }{section.4.1}% 62
\BOOKMARK [1][-]{section.4.2}{Romberg-Algorithmus }{chapter.4}% 63
\BOOKMARK [0][-]{chapter.5}{Gew\366hnliche Differentialgleichungen}{part.1}% 64
\BOOKMARK [1][-]{section.5.1}{Problemstellung }{chapter.5}% 65
\BOOKMARK [2][-]{subsection.5.1.1}{Reduktion der Ordnung}{section.5.1}% 66
\BOOKMARK [2][-]{subsection.5.1.2}{Anfangswertprobleme}{section.5.1}% 67
\BOOKMARK [2][-]{subsection.5.1.3}{Randwertprobleme}{section.5.1}% 68
\BOOKMARK [2][-]{subsection.5.1.4}{H\366here Ableitungen}{section.5.1}% 69
\BOOKMARK [2][-]{subsection.5.1.5}{Ableitung nach der Anfangsbedingung}{section.5.1}% 70
\BOOKMARK [2][-]{subsection.5.1.6}{Abh\344ngigkeit von Parametern}{section.5.1}% 71
\BOOKMARK [1][-]{section.5.2}{Grundprinzip numerischer L\366sungsverfahren}{chapter.5}% 72
\BOOKMARK [1][-]{section.5.3}{Fehler-Entwicklung numerischer L\366sungen}{chapter.5}% 73
\BOOKMARK [1][-]{section.5.4}{Einschritt-Verfahren}{chapter.5}% 74
\BOOKMARK [2][-]{subsection.5.4.1}{Quadratische Verfahren}{section.5.4}% 75
\BOOKMARK [2][-]{subsection.5.4.2}{Runge-Kutta-Verfahren}{section.5.4}% 76
\BOOKMARK [1][-]{section.5.5}{Mehrschritt-Verfahren}{chapter.5}% 77
\BOOKMARK [1][-]{section.5.6}{Software}{chapter.5}% 78
\BOOKMARK [2][-]{subsection.5.6.1}{Octave}{section.5.6}% 79
\BOOKMARK [2][-]{subsection.5.6.2}{GNU Scientific Library}{section.5.6}% 80
\BOOKMARK [1][-]{section.5.7}{Randwertprobleme}{chapter.5}% 81
\BOOKMARK [2][-]{subsection.5.7.1}{Einf\374hrende Beispiele}{section.5.7}% 82
\BOOKMARK [2][-]{subsection.5.7.2}{Schiess-Verfahren}{section.5.7}% 83
\BOOKMARK [0][-]{chapter.6}{Lineare Gleichungssysteme}{part.1}% 84
\BOOKMARK [1][-]{section.6.1}{Iterative Gleichungsl\366sung nach Gauss-Seidel }{chapter.6}% 85
\BOOKMARK [2][-]{subsection.6.1.1}{Iterative L\366sung nach Gauss-Seidel }{section.6.1}% 86
\BOOKMARK [2][-]{subsection.6.1.2}{Matrixformulierung }{section.6.1}% 87
\BOOKMARK [2][-]{subsection.6.1.3}{Konvergenzbedingung }{section.6.1}% 88
\BOOKMARK [1][-]{section.6.2}{QR-Zerlegung mit Spiegelungen }{chapter.6}% 89
\BOOKMARK [2][-]{subsection.6.2.1}{Gram-Schmidt-Orthonormalisierung }{section.6.2}% 90
\BOOKMARK [2][-]{subsection.6.2.2}{Spiegelungen }{section.6.2}% 91
\BOOKMARK [2][-]{subsection.6.2.3}{QR-Zerlegung mit Spiegelungen }{section.6.2}% 92
\BOOKMARK [1][-]{section.6.3}{Diagonalisierung mit dem Jacobi-Verfahren }{chapter.6}% 93
\BOOKMARK [2][-]{subsection.6.3.1}{Jacobi-Verfahren in zwei Dimensionen}{section.6.3}% 94
\BOOKMARK [2][-]{subsection.6.3.2}{Beliebige Dimension}{section.6.3}% 95
\BOOKMARK [0][-]{chapter.7}{Partielle Differentialgleichungen}{part.1}% 96
\BOOKMARK [0][-]{chapter.8}{Periodische Funktionen}{part.1}% 97
\BOOKMARK [-1][-]{part.2}{II Anwendungen und weiterf\374hrende Themen}{}% 98
\BOOKMARK [0][-]{chapter.9}{Thema}{part.2}% 99
\BOOKMARK [1][-]{section.9.1}{Einleitung}{chapter.9}% 100
\BOOKMARK [1][-]{section.9.2}{Problemstellung }{chapter.9}% 101
\BOOKMARK [2][-]{subsection.9.2.1}{De finibus bonorum et malorum }{section.9.2}% 102
\BOOKMARK [1][-]{section.9.3}{L\366sung }{chapter.9}% 103
\BOOKMARK [2][-]{subsection.9.3.1}{De finibus bonorum et malorum }{section.9.3}% 104
\BOOKMARK [1][-]{section.9.4}{Folgerungen }{chapter.9}% 105
\BOOKMARK [2][-]{subsection.9.4.1}{De finibus bonorum et malorum }{section.9.4}% 106
\BOOKMARK [0][-]{chapter.10}{Van der Pol-Differentialgleichung}{part.2}% 107
\BOOKMARK [1][-]{section.10.1}{Einleitung}{chapter.10}% 108
\BOOKMARK [1][-]{section.10.2}{Problemstellung }{chapter.10}% 109
\BOOKMARK [2][-]{subsection.10.2.1}{De finibus bonorum et malorum }{section.10.2}% 110
\BOOKMARK [1][-]{section.10.3}{L\366sung }{chapter.10}% 111
\BOOKMARK [2][-]{subsection.10.3.1}{De finibus bonorum et malorum }{section.10.3}% 112
\BOOKMARK [1][-]{section.10.4}{Folgerungen }{chapter.10}% 113
\BOOKMARK [2][-]{subsection.10.4.1}{De finibus bonorum et malorum }{section.10.4}% 114
\BOOKMARK [0][-]{chapter.11}{Iteration der logistischen Gleichung}{part.2}% 115
\BOOKMARK [1][-]{section.11.1}{Einleitung}{chapter.11}% 116
\BOOKMARK [1][-]{section.11.2}{Problemstellung }{chapter.11}% 117
\BOOKMARK [2][-]{subsection.11.2.1}{De finibus bonorum et malorum }{section.11.2}% 118
\BOOKMARK [1][-]{section.11.3}{L\366sung }{chapter.11}% 119
\BOOKMARK [2][-]{subsection.11.3.1}{De finibus bonorum et malorum }{section.11.3}% 120
\BOOKMARK [1][-]{section.11.4}{Folgerungen }{chapter.11}% 121
\BOOKMARK [2][-]{subsection.11.4.1}{De finibus bonorum et malorum }{section.11.4}% 122
\BOOKMARK [0][-]{chapter.12}{Kettenbr\374che}{part.2}% 123
\BOOKMARK [1][-]{section.12.1}{Einleitung}{chapter.12}% 124
\BOOKMARK [1][-]{section.12.2}{Problemstellung }{chapter.12}% 125
\BOOKMARK [2][-]{subsection.12.2.1}{De finibus bonorum et malorum }{section.12.2}% 126
\BOOKMARK [1][-]{section.12.3}{L\366sung }{chapter.12}% 127
\BOOKMARK [2][-]{subsection.12.3.1}{De finibus bonorum et malorum }{section.12.3}% 128
\BOOKMARK [1][-]{section.12.4}{Folgerungen }{chapter.12}% 129
\BOOKMARK [2][-]{subsection.12.4.1}{De finibus bonorum et malorum }{section.12.4}% 130
\BOOKMARK [0][-]{chapter.13}{Taylor-Reihe und Differentialgleichungen}{part.2}% 131
\BOOKMARK [1][-]{section.13.1}{Einleitung}{chapter.13}% 132
\BOOKMARK [1][-]{section.13.2}{Problemstellung }{chapter.13}% 133
\BOOKMARK [2][-]{subsection.13.2.1}{De finibus bonorum et malorum }{section.13.2}% 134
\BOOKMARK [1][-]{section.13.3}{L\366sung }{chapter.13}% 135
\BOOKMARK [2][-]{subsection.13.3.1}{De finibus bonorum et malorum }{section.13.3}% 136
\BOOKMARK [1][-]{section.13.4}{Folgerungen }{chapter.13}% 137
\BOOKMARK [2][-]{subsection.13.4.1}{De finibus bonorum et malorum }{section.13.4}% 138
\BOOKMARK [0][-]{chapter.14}{Finite Elemente in der Ebene}{part.2}% 139
\BOOKMARK [1][-]{section.14.1}{Einleitung}{chapter.14}% 140
\BOOKMARK [1][-]{section.14.2}{Problemstellung }{chapter.14}% 141
\BOOKMARK [2][-]{subsection.14.2.1}{De finibus bonorum et malorum }{section.14.2}% 142
\BOOKMARK [1][-]{section.14.3}{L\366sung }{chapter.14}% 143
\BOOKMARK [2][-]{subsection.14.3.1}{linearer Ansatzfunktion }{section.14.3}% 144
\BOOKMARK [2][-]{subsection.14.3.2}{Quadratischer Ansatz }{section.14.3}% 145
\BOOKMARK [1][-]{section.14.4}{Folgerungen }{chapter.14}% 146
\BOOKMARK [2][-]{subsection.14.4.1}{De finibus bonorum et malorum }{section.14.4}% 147
\BOOKMARK [0][-]{chapter.15}{Die Gleichung von Burgers}{part.2}% 148
\BOOKMARK [1][-]{section.15.1}{Einleitung}{chapter.15}% 149
\BOOKMARK [1][-]{section.15.2}{Problemstellung }{chapter.15}% 150
\BOOKMARK [2][-]{subsection.15.2.1}{De finibus bonorum et malorum }{section.15.2}% 151
\BOOKMARK [1][-]{section.15.3}{L\366sung }{chapter.15}% 152
\BOOKMARK [2][-]{subsection.15.3.1}{De finibus bonorum et malorum }{section.15.3}% 153
\BOOKMARK [1][-]{section.15.4}{Folgerungen }{chapter.15}% 154
\BOOKMARK [2][-]{subsection.15.4.1}{De finibus bonorum et malorum }{section.15.4}% 155
\BOOKMARK [0][-]{chapter.16}{Pad\351-Approximation}{part.2}% 156
\BOOKMARK [1][-]{section.16.1}{Einleitung}{chapter.16}% 157
\BOOKMARK [1][-]{section.16.2}{Problemstellung }{chapter.16}% 158
\BOOKMARK [2][-]{subsection.16.2.1}{De finibus bonorum et malorum }{section.16.2}% 159
\BOOKMARK [1][-]{section.16.3}{L\366sung }{chapter.16}% 160
\BOOKMARK [2][-]{subsection.16.3.1}{De finibus bonorum et malorum }{section.16.3}% 161
\BOOKMARK [1][-]{section.16.4}{Folgerungen }{chapter.16}% 162
\BOOKMARK [2][-]{subsection.16.4.1}{De finibus bonorum et malorum }{section.16.4}% 163
\BOOKMARK [0][-]{chapter.17}{QR-Zerlegung mit Givens-Rotationen}{part.2}% 164
\BOOKMARK [1][-]{section.17.1}{Einleitung}{chapter.17}% 165
\BOOKMARK [2][-]{subsection.17.1.1}{Anwedungsbeispiel Least-Squares}{section.17.1}% 166
\BOOKMARK [1][-]{section.17.2}{Problemstellung }{chapter.17}% 167
\BOOKMARK [1][-]{section.17.3}{L\366sung }{chapter.17}% 168
\BOOKMARK [1][-]{section.17.4}{Folgerungen }{chapter.17}% 169
\BOOKMARK [0][-]{chapter.18}{Numerische Laplace-Inversion}{part.2}% 170
\BOOKMARK [1][-]{section.18.1}{Einleitung}{chapter.18}% 171
\BOOKMARK [1][-]{section.18.2}{Problemstellung }{chapter.18}% 172
\BOOKMARK [2][-]{subsection.18.2.1}{De finibus bonorum et malorum }{section.18.2}% 173
\BOOKMARK [1][-]{section.18.3}{L\366sung }{chapter.18}% 174
\BOOKMARK [2][-]{subsection.18.3.1}{De finibus bonorum et malorum }{section.18.3}% 175
\BOOKMARK [1][-]{section.18.4}{Folgerungen }{chapter.18}% 176
\BOOKMARK [2][-]{subsection.18.4.1}{De finibus bonorum et malorum }{section.18.4}% 177
\BOOKMARK [0][-]{chapter.19}{St\366rungstheorie}{part.2}% 178
\BOOKMARK [1][-]{section.19.1}{Einleitung}{chapter.19}% 179
\BOOKMARK [1][-]{section.19.2}{Problemstellung }{chapter.19}% 180
\BOOKMARK [2][-]{subsection.19.2.1}{De finibus bonorum et malorum }{section.19.2}% 181
\BOOKMARK [1][-]{section.19.3}{L\366sung }{chapter.19}% 182
\BOOKMARK [2][-]{subsection.19.3.1}{De finibus bonorum et malorum }{section.19.3}% 183
\BOOKMARK [1][-]{section.19.4}{Folgerungen }{chapter.19}% 184
\BOOKMARK [2][-]{subsection.19.4.1}{De finibus bonorum et malorum }{section.19.4}% 185
\BOOKMARK [0][-]{chapter.20}{Gauss-Quadratur}{part.2}% 186
\BOOKMARK [1][-]{section.20.1}{Einleitung}{chapter.20}% 187
\BOOKMARK [1][-]{section.20.2}{Problemstellung }{chapter.20}% 188
\BOOKMARK [2][-]{subsection.20.2.1}{De finibus bonorum et malorum }{section.20.2}% 189
\BOOKMARK [1][-]{section.20.3}{L\366sung }{chapter.20}% 190
\BOOKMARK [2][-]{subsection.20.3.1}{De finibus bonorum et malorum }{section.20.3}% 191
\BOOKMARK [1][-]{section.20.4}{Folgerungen }{chapter.20}% 192
\BOOKMARK [2][-]{subsection.20.4.1}{De finibus bonorum et malorum }{section.20.4}% 193
\BOOKMARK [0][-]{chapter.21}{Schrittl\344ngensteuerung}{part.2}% 194
\BOOKMARK [1][-]{section.21.1}{Einleitung}{chapter.21}% 195
\BOOKMARK [1][-]{section.21.2}{Problemstellung }{chapter.21}% 196
\BOOKMARK [2][-]{subsection.21.2.1}{De finibus bonorum et malorum }{section.21.2}% 197
\BOOKMARK [1][-]{section.21.3}{L\366sung }{chapter.21}% 198
\BOOKMARK [2][-]{subsection.21.3.1}{De finibus bonorum et malorum }{section.21.3}% 199
\BOOKMARK [1][-]{section.21.4}{Folgerungen }{chapter.21}% 200
\BOOKMARK [2][-]{subsection.21.4.1}{De finibus bonorum et malorum }{section.21.4}% 201
\BOOKMARK [0][-]{chapter.22}{Francis-Algorithmus}{part.2}% 202
\BOOKMARK [1][-]{section.22.1}{Einleitung}{chapter.22}% 203
\BOOKMARK [1][-]{section.22.2}{Problemstellung }{chapter.22}% 204
\BOOKMARK [2][-]{subsection.22.2.1}{De finibus bonorum et malorum }{section.22.2}% 205
\BOOKMARK [1][-]{section.22.3}{L\366sung }{chapter.22}% 206
\BOOKMARK [2][-]{subsection.22.3.1}{De finibus bonorum et malorum }{section.22.3}% 207
\BOOKMARK [1][-]{section.22.4}{Folgerungen }{chapter.22}% 208
\BOOKMARK [2][-]{subsection.22.4.1}{De finibus bonorum et malorum }{section.22.4}% 209
\BOOKMARK [0][-]{chapter.23}{Stabile Berechnung von Legendre Polynomen}{part.2}% 210
\BOOKMARK [1][-]{section.23.1}{Einleitung}{chapter.23}% 211
\BOOKMARK [1][-]{section.23.2}{Problemstellung }{chapter.23}% 212
\BOOKMARK [2][-]{subsection.23.2.1}{De finibus bonorum et malorum }{section.23.2}% 213
\BOOKMARK [1][-]{section.23.3}{L\366sung }{chapter.23}% 214
\BOOKMARK [2][-]{subsection.23.3.1}{De finibus bonorum et malorum }{section.23.3}% 215
\BOOKMARK [1][-]{section.23.4}{Folgerungen }{chapter.23}% 216
\BOOKMARK [2][-]{subsection.23.4.1}{De finibus bonorum et malorum }{section.23.4}% 217
\BOOKMARK [0][-]{chapter.24}{Die Methode der konjugierten Gradienten}{part.2}% 218
\BOOKMARK [1][-]{section.24.1}{Herleitung des Algorithmus}{chapter.24}% 219
\BOOKMARK [2][-]{subsection.24.1.1}{Minimierungsproblem }{section.24.1}% 220
\BOOKMARK [2][-]{subsection.24.1.2}{Optimale Schrittweite }{section.24.1}% 221
\BOOKMARK [2][-]{subsection.24.1.3}{Optimale Suchrichtung }{section.24.1}% 222
\BOOKMARK [1][-]{section.24.2}{Einleitung}{chapter.24}% 223
\BOOKMARK [1][-]{section.24.3}{Problemstellung }{chapter.24}% 224
\BOOKMARK [2][-]{subsection.24.3.1}{De finibus bonorum et malorum }{section.24.3}% 225
\BOOKMARK [1][-]{section.24.4}{L\366sung }{chapter.24}% 226
\BOOKMARK [2][-]{subsection.24.4.1}{De finibus bonorum et malorum }{section.24.4}% 227
\BOOKMARK [1][-]{section.24.5}{Folgerungen }{chapter.24}% 228
\BOOKMARK [2][-]{subsection.24.5.1}{De finibus bonorum et malorum }{section.24.5}% 229
\BOOKMARK [0][-]{chapter.25}{St\366rungstheorie f\374r das Eigenwertproblem}{part.2}% 230
\BOOKMARK [1][-]{section.25.1}{Einleitung}{chapter.25}% 231
\BOOKMARK [1][-]{section.25.2}{Problemstellung }{chapter.25}% 232
\BOOKMARK [2][-]{subsection.25.2.1}{De finibus bonorum et malorum }{section.25.2}% 233
\BOOKMARK [1][-]{section.25.3}{L\366sung }{chapter.25}% 234
\BOOKMARK [2][-]{subsection.25.3.1}{De finibus bonorum et malorum }{section.25.3}% 235
\BOOKMARK [1][-]{section.25.4}{Folgerungen }{chapter.25}% 236
\BOOKMARK [2][-]{subsection.25.4.1}{De finibus bonorum et malorum }{section.25.4}% 237
\BOOKMARK [0][-]{chapter.26}{Numerische Ableitung}{part.2}% 238
\BOOKMARK [1][-]{section.26.1}{Einleitung}{chapter.26}% 239
\BOOKMARK [1][-]{section.26.2}{Problemstellung }{chapter.26}% 240
\BOOKMARK [2][-]{subsection.26.2.1}{De finibus bonorum et malorum }{section.26.2}% 241
\BOOKMARK [1][-]{section.26.3}{L\366sung }{chapter.26}% 242
\BOOKMARK [2][-]{subsection.26.3.1}{De finibus bonorum et malorum }{section.26.3}% 243
\BOOKMARK [1][-]{section.26.4}{Folgerungen }{chapter.26}% 244
\BOOKMARK [2][-]{subsection.26.4.1}{De finibus bonorum et malorum }{section.26.4}% 245
\BOOKMARK [0][-]{section*.139}{Index}{part.2}% 246
